<?xml version="1.0" encoding="UTF-8"?>
<testng-results ignored="0" total="2" passed="2" failed="0" skipped="0">
  <reporter-output>
  </reporter-output>
  <suite started-at="2024-09-04T11:13:09 IST" name="Default suite" finished-at="2024-09-04T11:13:32 IST" duration-ms="22930">
    <groups>
    </groups>
    <test started-at="2024-09-04T11:13:09 IST" name="Default test" finished-at="2024-09-04T11:13:32 IST" duration-ms="22930">
      <class name="automation_tasks.Automation_Task4">
        <test-method is-config="true" signature="SetUp()[pri:0, instance:automation_tasks.Automation_Task4@32c726ee]" started-at="2024-09-04T11:13:09 IST" name="SetUp" finished-at="2024-09-04T11:13:16 IST" duration-ms="7259" status="PASS">
          <reporter-output>
          </reporter-output>
        </test-method> <!-- SetUp -->
        <test-method signature="Verifythecheckout()[pri:1, instance:automation_tasks.Automation_Task4@32c726ee]" started-at="2024-09-04T11:13:16 IST" name="Verifythecheckout" finished-at="2024-09-04T11:13:24 IST" duration-ms="7583" status="PASS">
          <reporter-output>
          </reporter-output>
        </test-method> <!-- Verifythecheckout -->
        <test-method is-config="true" signature="quit()[pri:0, instance:automation_tasks.Automation_Task4@32c726ee]" started-at="2024-09-04T11:13:24 IST" name="quit" finished-at="2024-09-04T11:13:24 IST" duration-ms="236" status="PASS">
          <reporter-output>
          </reporter-output>
        </test-method> <!-- quit -->
        <test-method is-config="true" signature="SetUp()[pri:0, instance:automation_tasks.Automation_Task4@32c726ee]" started-at="2024-09-04T11:13:24 IST" name="SetUp" finished-at="2024-09-04T11:13:30 IST" duration-ms="5759" status="PASS">
          <reporter-output>
          </reporter-output>
        </test-method> <!-- SetUp -->
        <test-method signature="VerifyEmptyCheckout()[pri:2, instance:automation_tasks.Automation_Task4@32c726ee]" started-at="2024-09-04T11:13:30 IST" name="VerifyEmptyCheckout" finished-at="2024-09-04T11:13:31 IST" duration-ms="1467" status="PASS">
          <reporter-output>
          </reporter-output>
        </test-method> <!-- VerifyEmptyCheckout -->
        <test-method is-config="true" signature="quit()[pri:0, instance:automation_tasks.Automation_Task4@32c726ee]" started-at="2024-09-04T11:13:31 IST" name="quit" finished-at="2024-09-04T11:13:32 IST" duration-ms="334" status="PASS">
          <reporter-output>
          </reporter-output>
        </test-method> <!-- quit -->
      </class> <!-- automation_tasks.Automation_Task4 -->
    </test> <!-- Default test -->
  </suite> <!-- Default suite -->
</testng-results>
