<?xml version="1.0" encoding="UTF-8"?>
<testng-results ignored="0" total="2" passed="2" failed="0" skipped="0">
  <reporter-output>
  </reporter-output>
  <suite started-at="2024-09-01T23:12:34 IST" name="Default suite" finished-at="2024-09-01T23:13:00 IST" duration-ms="26482">
    <groups>
    </groups>
    <test started-at="2024-09-01T23:12:34 IST" name="Default test" finished-at="2024-09-01T23:13:00 IST" duration-ms="26482">
      <class name="automation_tasks.Automation_Task4">
        <test-method is-config="true" signature="SetUp()[pri:0, instance:automation_tasks.Automation_Task4@32c726ee]" started-at="2024-09-01T23:12:34 IST" name="SetUp" finished-at="2024-09-01T23:12:44 IST" duration-ms="9718" status="PASS">
          <reporter-output>
          </reporter-output>
        </test-method> <!-- SetUp -->
        <test-method signature="Verifythecheckout()[pri:1, instance:automation_tasks.Automation_Task4@32c726ee]" started-at="2024-09-01T23:12:44 IST" name="Verifythecheckout" finished-at="2024-09-01T23:12:52 IST" duration-ms="7932" status="PASS">
          <reporter-output>
          </reporter-output>
        </test-method> <!-- Verifythecheckout -->
        <test-method is-config="true" signature="quit()[pri:0, instance:automation_tasks.Automation_Task4@32c726ee]" started-at="2024-09-01T23:12:52 IST" name="quit" finished-at="2024-09-01T23:12:52 IST" duration-ms="337" status="PASS">
          <reporter-output>
          </reporter-output>
        </test-method> <!-- quit -->
        <test-method is-config="true" signature="SetUp()[pri:0, instance:automation_tasks.Automation_Task4@32c726ee]" started-at="2024-09-01T23:12:52 IST" name="SetUp" finished-at="2024-09-01T23:12:59 IST" duration-ms="6475" status="PASS">
          <reporter-output>
          </reporter-output>
        </test-method> <!-- SetUp -->
        <test-method signature="VerifyEmptyCheckout()[pri:2, instance:automation_tasks.Automation_Task4@32c726ee]" started-at="2024-09-01T23:12:59 IST" name="VerifyEmptyCheckout" finished-at="2024-09-01T23:13:00 IST" duration-ms="1385" status="PASS">
          <reporter-output>
          </reporter-output>
        </test-method> <!-- VerifyEmptyCheckout -->
        <test-method is-config="true" signature="quit()[pri:0, instance:automation_tasks.Automation_Task4@32c726ee]" started-at="2024-09-01T23:13:00 IST" name="quit" finished-at="2024-09-01T23:13:00 IST" duration-ms="286" status="PASS">
          <reporter-output>
          </reporter-output>
        </test-method> <!-- quit -->
      </class> <!-- automation_tasks.Automation_Task4 -->
    </test> <!-- Default test -->
  </suite> <!-- Default suite -->
</testng-results>
